<?xml version="1.0" encoding="UTF-8"?>
<testsuite xmlns:xsi="http://www.w3.org/2001/XMLSchema-instance" xsi:noNamespaceSchemaLocation="https://maven.apache.org/surefire/maven-surefire-plugin/xsd/surefire-test-report-3.0.xsd" version="3.0" name="com.cuiwen.SpringbootMybatisApplicationTests" time="2.267" tests="5" errors="1" skipped="0" failures="0">
  <properties>
[...]
</properties>
  <testcase name="testFindAll" classname="com.cuiwen.SpringbootMybatisApplicationTests" time="0.584">
    <error message="Invalid bound statement (not found): com.cuiwen.mapper.StudentMapper.findALL" type="org.apache.ibatis.binding.BindingException"><![CDATA[org.apache.ibatis.binding.BindingException: Invalid bound statement (not found): com.cuiwen.mapper.StudentMapper.findALL
	at org.apache.ibatis.binding.MapperMethod$SqlCommand.<init>(MapperMethod.java:229)
	at org.apache.ibatis.binding.MapperMethod.<init>(MapperMethod.java:53)
	at org.apache.ibatis.binding.MapperProxy.lambda$cachedInvoker$0(MapperProxy.java:96)
	at java.base/java.util.concurrent.ConcurrentHashMap.computeIfAbsent(ConcurrentHashMap.java:1713)
	at org.apache.ibatis.util.MapUtil.computeIfAbsent(MapUtil.java:36)
	at org.apache.ibatis.binding.MapperProxy.cachedInvoker(MapperProxy.java:94)
	at org.apache.ibatis.binding.MapperProxy.invoke(MapperProxy.java:86)
	at jdk.proxy2/jdk.proxy2.$Proxy59.findALL(Unknown Source)
	at com.cuiwen.SpringbootMybatisApplicationTests.testFindAll(SpringbootMybatisApplicationTests.java:18)
	at java.base/java.lang.reflect.Method.invoke(Method.java:580)
	at java.base/java.util.ArrayList.forEach(ArrayList.java:1597)
	at java.base/java.util.ArrayList.forEach(ArrayList.java:1597)
]]></error>
    <system-out><![CDATA[11:50:16.598 [main] INFO org.springframework.test.context.support.AnnotationConfigContextLoaderUtils -- Could not detect default configuration classes for test class [com.cuiwen.SpringbootMybatisApplicationTests]: SpringbootMybatisApplicationTests does not declare any static, non-private, non-final, nested classes annotated with @Configuration.
11:50:16.676 [main] INFO org.springframework.boot.test.context.SpringBootTestContextBootstrapper -- Found @SpringBootConfiguration com.cuiwen.SpringbootMybatisApplication for test class com.cuiwen.SpringbootMybatisApplicationTests

  .   ____          _            __ _ _
 /\\ / ___'_ __ _ _(_)_ __  __ _ \ \ \ \
( ( )\___ | '_ | '_| | '_ \/ _` | \ \ \ \
 \\/  ___)| |_)| | | | | || (_| |  ) ) ) )
  '  |____| .__|_| |_|_| |_\__, | / / / /
 =========|_|==============|___/=/_/_/_/

 :: Spring Boot ::                (v3.3.7)

2025-01-12T11:50:16.933+08:00  INFO 26564 --- [springboot-mybatis] [           main] c.c.SpringbootMybatisApplicationTests    : Starting SpringbootMybatisApplicationTests using Java 23.0.1 with PID 26564 (started by asus in D:\web-code\web-project01\springboot-mybatis)
2025-01-12T11:50:16.933+08:00  INFO 26564 --- [springboot-mybatis] [           main] c.c.SpringbootMybatisApplicationTests    : No active profile set, falling back to 1 default profile: "default"
Logging initialized using 'class org.apache.ibatis.logging.stdout.StdOutImpl' adapter.
2025-01-12T11:50:17.685+08:00  INFO 26564 --- [springboot-mybatis] [           main] c.c.SpringbootMybatisApplicationTests    : Started SpringbootMybatisApplicationTests in 0.93 seconds (process running for 1.619)
]]></system-out>
    <system-err><![CDATA[WARNING: A Java agent has been loaded dynamically (D:\maven\apache-maven-3.9.9\mvn_repo\net\bytebuddy\byte-buddy-agent\1.14.19\byte-buddy-agent-1.14.19.jar)
WARNING: If a serviceability tool is in use, please run with -XX:+EnableDynamicAgentLoading to hide this warning
WARNING: If a serviceability tool is not in use, please run with -Djdk.instrument.traceUsage for more information
WARNING: Dynamic loading of agents will be disallowed by default in a future release
]]></system-err>
  </testcase>
  <testcase name="testFindById" classname="com.cuiwen.SpringbootMybatisApplicationTests" time="0.434">
    <system-out><![CDATA[Creating a new SqlSession
SqlSession [org.apache.ibatis.session.defaults.DefaultSqlSession@79ab97fd] was not registered for synchronization because synchronization is not active
2025-01-12T11:50:18.414+08:00  INFO 26564 --- [springboot-mybatis] [           main] com.alibaba.druid.pool.DruidDataSource   : {dataSource-1} inited
JDBC Connection [com.mysql.cj.jdbc.ConnectionImpl@11399548] will not be managed by Spring
==>  Preparing: select class_id, name, student_id from student where class_id = ?
==> Parameters: 34(Integer)
<==    Columns: class_id, name, student_id
<==        Row: 34, 漼雯, 242241807206
<==      Total: 1
Closing non transactional SqlSession [org.apache.ibatis.session.defaults.DefaultSqlSession@79ab97fd]
Student(classId=null, name=漼雯, studentId=null)
]]></system-out>
  </testcase>
  <testcase name="testDeleteById" classname="com.cuiwen.SpringbootMybatisApplicationTests" time="0.019">
    <system-out><![CDATA[Creating a new SqlSession
SqlSession [org.apache.ibatis.session.defaults.DefaultSqlSession@7c5f29c6] was not registered for synchronization because synchronization is not active
JDBC Connection [com.mysql.cj.jdbc.ConnectionImpl@11399548] will not be managed by Spring
==>  Preparing: delete from student where class_id = ?
==> Parameters: 1(Integer)
<==    Updates: 1
Closing non transactional SqlSession [org.apache.ibatis.session.defaults.DefaultSqlSession@7c5f29c6]
]]></system-out>
  </testcase>
  <testcase name="testInsert" classname="com.cuiwen.SpringbootMybatisApplicationTests" time="0.0">
    <system-out><![CDATA[Creating a new SqlSession
SqlSession [org.apache.ibatis.session.defaults.DefaultSqlSession@68fc9167] was not registered for synchronization because synchronization is not active
JDBC Connection [com.mysql.cj.jdbc.ConnectionImpl@11399548] will not be managed by Spring
==>  Preparing: insert into student(name, student_id) values(?, ?)
==> Parameters: 漼雯(String), 242241807202(String)
<==    Updates: 1
Closing non transactional SqlSession [org.apache.ibatis.session.defaults.DefaultSqlSession@68fc9167]
]]></system-out>
  </testcase>
  <testcase name="testUpdate" classname="com.cuiwen.SpringbootMybatisApplicationTests" time="0.004">
    <system-out><![CDATA[Creating a new SqlSession
SqlSession [org.apache.ibatis.session.defaults.DefaultSqlSession@7103745] was not registered for synchronization because synchronization is not active
JDBC Connection [com.mysql.cj.jdbc.ConnectionImpl@11399548] will not be managed by Spring
==>  Preparing: update student set student_id = ? where class_id = ?
==> Parameters: 242241807206(String), 34(Integer)
<==    Updates: 1
Closing non transactional SqlSession [org.apache.ibatis.session.defaults.DefaultSqlSession@7103745]
]]></system-out>
  </testcase>
</testsuite>